<?xml version="1.0" encoding="UTF-8"?>
<!-- Generated by org.testng.reporters.JUnitXMLReporter -->
<testsuite hostname="LAPTOP-CT7IBV5D" ignored="0" name="Default test" tests="2" failures="0" timestamp="27 Sep 2018 14:02:05 GMT" time="15.945" errors="0">
  <testcase name="Test1" time="0.082" classname="com.qa.RevisionTestNG.DifferentFeatures.DataProviderExample"/>
  <testcase name="Test1" time="0.062" classname="com.qa.RevisionTestNG.DifferentFeatures.DataProviderExample"/>
</testsuite> <!-- Default test -->
