<?xml version="1.0" encoding="UTF-8"?>
<!-- Generated by org.testng.reporters.JUnitXMLReporter -->
<testsuite hostname="LAPTOP-CT7IBV5D" ignored="0" name="Test" tests="6" failures="0" timestamp="27 Sep 2018 14:22:17 GMT" time="0.085" errors="0">
  <testcase name="TestCase1" time="0.022" classname="com.qa.RevisionTestNG.MultiplePackage.MultiplePackageExecutionUsingXML2"/>
  <testcase name="Test1" time="0.002" classname="com.qa.RevisionTestNG.MultiplePackage.MultiplePackageExecutionUsingXML1"/>
  <testcase name="TestCase2" time="0.005" classname="com.qa.RevisionTestNG.MultiplePackage.MultiplePackageExecutionUsingXML2"/>
  <testcase name="Test2" time="0.003" classname="com.qa.RevisionTestNG.MultiplePackage.MultiplePackageExecutionUsingXML1"/>
  <testcase name="Test3" time="0.001" classname="com.qa.RevisionTestNG.MultiplePackage.MultiplePackageExecutionUsingXML1"/>
  <testcase name="Test4" time="0.003" classname="com.qa.RevisionTestNG.MultiplePackage.MultiplePackageExecutionUsingXML1"/>
</testsuite> <!-- Test -->
