<?xml version="1.0" encoding="UTF-8"?>
<!-- Generated by org.testng.reporters.JUnitXMLReporter -->
<testsuite hostname="LAPTOP-CT7IBV5D" ignored="3" name="Include and Exclude" tests="3" failures="0" timestamp="27 Sep 2018 14:15:12 GMT" time="0.061" errors="0">
  <testcase name="Test1" time="0.01" classname="com.qa.RevisionTestNG.MultiplePackage.MultiplePackageExecutionUsingXML1"/>
  <testcase name="TestCase2" time="0.002" classname="com.qa.RevisionTestNG.MultiplePackage.MultiplePackageExecutionUsingXML2"/>
  <testcase name="Test4" time="0.002" classname="com.qa.RevisionTestNG.MultiplePackage.MultiplePackageExecutionUsingXML1"/>
  <testcase name="Test3" time="0.0" classname="com.qa.RevisionTestNG.MultiplePackage.MultiplePackageExecutionUsingXML1">
    <ignored/>
  </testcase> <!-- Test3 -->
  <testcase name="Test2" time="0.0" classname="com.qa.RevisionTestNG.MultiplePackage.MultiplePackageExecutionUsingXML1">
    <ignored/>
  </testcase> <!-- Test2 -->
  <testcase name="TestCase1" time="0.0" classname="com.qa.RevisionTestNG.MultiplePackage.MultiplePackageExecutionUsingXML2">
    <ignored/>
  </testcase> <!-- TestCase1 -->
</testsuite> <!-- Include and Exclude -->
