<?xml version="1.0" encoding="UTF-8"?>
<!-- Generated by org.testng.reporters.JUnitXMLReporter -->
<testsuite hostname="LAPTOP-CT7IBV5D" ignored="5" name="Keywords TestCases" tests="8" failures="0" timestamp="27 Sep 2018 10:12:53 GMT" time="9.925" errors="0">
  <testcase name="TestCase1" time="0.012" classname="com.qa.RevisionTestNG.DifferentFeatures.DifferentKeywordsInTestNG"/>
  <testcase name="TestCase3" time="0.004" classname="com.qa.RevisionTestNG.DifferentFeatures.DifferentKeywordsInTestNG"/>
  <testcase name="TestCase3" time="0.002" classname="com.qa.RevisionTestNG.DifferentFeatures.DifferentKeywordsInTestNG"/>
  <testcase name="TestCase3" time="0.003" classname="com.qa.RevisionTestNG.DifferentFeatures.DifferentKeywordsInTestNG"/>
  <testcase name="TestCase3" time="0.001" classname="com.qa.RevisionTestNG.DifferentFeatures.DifferentKeywordsInTestNG"/>
  <testcase name="TestCase3" time="0.002" classname="com.qa.RevisionTestNG.DifferentFeatures.DifferentKeywordsInTestNG"/>
  <testcase name="TestCase5" time="9.85" classname="com.qa.RevisionTestNG.DifferentFeatures.DifferentKeywordsInTestNG"/>
  <testcase name="TestCase6" time="0.002" classname="com.qa.RevisionTestNG.DifferentFeatures.DifferentKeywordsInTestNG"/>
  <testcase name="TestCase7" time="0.0" classname="com.qa.RevisionTestNG.DifferentFeatures.DifferentKeywordsInTestNG">
    <ignored/>
  </testcase> <!-- TestCase7 -->
  <testcase name="TestCase8" time="0.0" classname="com.qa.RevisionTestNG.DifferentFeatures.DifferentKeywordsInTestNG">
    <ignored/>
  </testcase> <!-- TestCase8 -->
  <testcase name="TestCase9" time="0.0" classname="com.qa.RevisionTestNG.DifferentFeatures.DifferentKeywordsInTestNG">
    <ignored/>
  </testcase> <!-- TestCase9 -->
  <testcase name="TestCase2" time="0.0" classname="com.qa.RevisionTestNG.DifferentFeatures.DifferentKeywordsInTestNG">
    <ignored/>
  </testcase> <!-- TestCase2 -->
  <testcase name="TestCase4" time="0.0" classname="com.qa.RevisionTestNG.DifferentFeatures.DifferentKeywordsInTestNG">
    <ignored/>
  </testcase> <!-- TestCase4 -->
</testsuite> <!-- Keywords TestCases -->
