<?xml version="1.0" encoding="UTF-8"?>
<!-- Generated by org.testng.reporters.JUnitXMLReporter -->
<testsuite hostname="LAPTOP-CT7IBV5D" ignored="0" name="TestNG Listeners" tests="3" failures="1" timestamp="27 Sep 2018 14:36:44 GMT" time="0.068" errors="0">
  <testcase name="TestCase1" time="0.019" classname="com.qa.RevisionTestNG.DifferentFeatures.VerifyTestNGListeners">
    <skipped/>
  </testcase> <!-- TestCase1 -->
  <testcase name="TestCase1" time="0.002" classname="com.qa.RevisionTestNG.DifferentFeatures.VerifyTestNGListeners">
    <failure type="java.lang.AssertionError" message="expected [true] but found [false]">
      <![CDATA[java.lang.AssertionError: expected [true] but found [false]
at com.qa.RevisionTestNG.DifferentFeatures.VerifyTestNGListeners.TestCase1(VerifyTestNGListeners.java:11)
... Removed 29 stack frames]]>
    </failure>
  </testcase> <!-- TestCase1 -->
  <testcase name="TestCase2" time="0.002" classname="com.qa.RevisionTestNG.DifferentFeatures.VerifyTestNGListeners"/>
</testsuite> <!-- TestNG Listeners -->
