<?xml version="1.0" encoding="UTF-8"?>
<!-- Generated by org.testng.reporters.JUnitXMLReporter -->
<testsuite hostname="LAPTOP-CT7IBV5D" ignored="1" name="TestCases in Multiple Packages" tests="3" failures="0" timestamp="27 Sep 2018 10:53:15 GMT" time="0.04" errors="0">
  <testcase name="Test1" time="0.004" classname="com.qa.RevisionTestNG.MultiplePackage.MultiplePackageExecutionUsingXML"/>
  <testcase name="Test2" time="0.001" classname="com.qa.RevisionTestNG.MultiplePackage.MultiplePackageExecutionUsingXML"/>
  <testcase name="ActualTestCase" time="0.001" classname="com.qa.RevisionTestNG.DifferentFeatures.GenericAnnotations"/>
  <testcase name="TestCase9" time="0.0" classname="com.qa.RevisionTestNG.DifferentFeatures.DifferentKeywordsInTestNG">
    <ignored/>
  </testcase> <!-- TestCase9 -->
</testsuite> <!-- TestCases in Multiple Packages -->
